<?xml version="1.0" encoding="UTF-8"?>
<testng-results ignored="0" total="5" passed="5" failed="0" skipped="0">
  <reporter-output>
  </reporter-output>
  <suite started-at="2023-02-26T16:01:24 IST" name="Surefire suite" finished-at="2023-02-26T16:03:43 IST" duration-ms="139352">
    <groups>
      <group name="cucumber">
        <method signature="AbstractTestNGCucumberTests.runScenario(io.cucumber.testng.PickleWrapper,io.cucumber.testng.FeatureWrapper)[pri:0, instance:runners.TestRunner@4b14c583]" name="runScenario" class="io.cucumber.testng.AbstractTestNGCucumberTests"/>
      </group> <!-- cucumber -->
    </groups>
    <test started-at="2023-02-26T16:01:24 IST" name="Surefire test" finished-at="2023-02-26T16:03:43 IST" duration-ms="139352">
      <class name="runners.TestRunner">
        <test-method is-config="true" signature="setUpClass(org.testng.ITestContext)[pri:0, instance:runners.TestRunner@4b14c583]" started-at="2023-02-26T16:01:24 IST" name="setUpClass" finished-at="2023-02-26T16:01:25 IST" duration-ms="1367" status="PASS">
          <params>
            <param index="0">
              <value>
                <![CDATA[org.testng.TestRunner@4567fb2b]]>
              </value>
            </param>
          </params>
          <reporter-output>
          </reporter-output>
        </test-method> <!-- setUpClass -->
        <test-method signature="runScenario(io.cucumber.testng.PickleWrapper,io.cucumber.testng.FeatureWrapper)[pri:0, instance:runners.TestRunner@4b14c583]" started-at="2023-02-26T16:01:25 IST" name="runScenario" description="Runs Cucumber Scenarios" data-provider="scenarios" finished-at="2023-02-26T16:02:03 IST" duration-ms="37399" status="PASS">
          <params>
            <param index="0">
              <value>
                <![CDATA["Verify that the user is able to search for a product"]]>
              </value>
            </param>
            <param index="1">
              <value>
                <![CDATA["Search a product feature"]]>
              </value>
            </param>
          </params>
          <reporter-output>
          </reporter-output>
        </test-method> <!-- runScenario -->
        <test-method signature="runScenario(io.cucumber.testng.PickleWrapper,io.cucumber.testng.FeatureWrapper)[pri:0, instance:runners.TestRunner@4b14c583]" started-at="2023-02-26T16:02:04 IST" name="runScenario" description="Runs Cucumber Scenarios" data-provider="scenarios" finished-at="2023-02-26T16:02:38 IST" duration-ms="34828" status="PASS">
          <params>
            <param index="0">
              <value>
                <![CDATA["Verify when the user search for unknown product"]]>
              </value>
            </param>
            <param index="1">
              <value>
                <![CDATA["Search a product feature"]]>
              </value>
            </param>
          </params>
          <reporter-output>
          </reporter-output>
        </test-method> <!-- runScenario -->
        <test-method signature="runScenario(io.cucumber.testng.PickleWrapper,io.cucumber.testng.FeatureWrapper)[pri:0, instance:runners.TestRunner@4b14c583]" started-at="2023-02-26T16:02:39 IST" name="runScenario" description="Runs Cucumber Scenarios" data-provider="scenarios" finished-at="2023-02-26T16:02:57 IST" duration-ms="18268" status="PASS">
          <params>
            <param index="0">
              <value>
                <![CDATA["Verify that the user checks with the deals and discount"]]>
              </value>
            </param>
            <param index="1">
              <value>
                <![CDATA["Search a product feature"]]>
              </value>
            </param>
          </params>
          <reporter-output>
          </reporter-output>
        </test-method> <!-- runScenario -->
        <test-method signature="runScenario(io.cucumber.testng.PickleWrapper,io.cucumber.testng.FeatureWrapper)[pri:0, instance:runners.TestRunner@4b14c583]" started-at="2023-02-26T16:02:57 IST" name="runScenario" description="Runs Cucumber Scenarios" data-provider="scenarios" finished-at="2023-02-26T16:03:14 IST" duration-ms="17653" status="PASS">
          <params>
            <param index="0">
              <value>
                <![CDATA["Verify that the user able to search with the new releases"]]>
              </value>
            </param>
            <param index="1">
              <value>
                <![CDATA["Search a product feature"]]>
              </value>
            </param>
          </params>
          <reporter-output>
          </reporter-output>
        </test-method> <!-- runScenario -->
        <test-method signature="runScenario(io.cucumber.testng.PickleWrapper,io.cucumber.testng.FeatureWrapper)[pri:0, instance:runners.TestRunner@4b14c583]" started-at="2023-02-26T16:03:14 IST" name="runScenario" description="Runs Cucumber Scenarios" data-provider="scenarios" finished-at="2023-02-26T16:03:41 IST" duration-ms="26167" status="PASS">
          <params>
            <param index="0">
              <value>
                <![CDATA["Verify that the user is able to search by the category"]]>
              </value>
            </param>
            <param index="1">
              <value>
                <![CDATA["Search a product feature"]]>
              </value>
            </param>
          </params>
          <reporter-output>
          </reporter-output>
        </test-method> <!-- runScenario -->
        <test-method is-config="true" signature="tearDownClass()[pri:0, instance:runners.TestRunner@4b14c583]" started-at="2023-02-26T16:03:41 IST" name="tearDownClass" finished-at="2023-02-26T16:03:43 IST" duration-ms="2426" status="PASS">
          <reporter-output>
          </reporter-output>
        </test-method> <!-- tearDownClass -->
      </class> <!-- runners.TestRunner -->
    </test> <!-- Surefire test -->
  </suite> <!-- Surefire suite -->
</testng-results>
