<?xml version="1.0" encoding="UTF-8"?>
<testng-results ignored="0" total="5" passed="5" failed="0" skipped="0">
  <reporter-output>
  </reporter-output>
  <suite started-at="2023-02-27T09:27:42 IST" name="Surefire suite" finished-at="2023-02-27T09:29:29 IST" duration-ms="106918">
    <groups>
      <group name="cucumber">
        <method signature="AbstractTestNGCucumberTests.runScenario(io.cucumber.testng.PickleWrapper,io.cucumber.testng.FeatureWrapper)[pri:0, instance:runners.TestRunner@4b14c583]" name="runScenario" class="io.cucumber.testng.AbstractTestNGCucumberTests"/>
      </group> <!-- cucumber -->
    </groups>
    <test started-at="2023-02-27T09:27:42 IST" name="Surefire test" finished-at="2023-02-27T09:29:29 IST" duration-ms="106918">
      <class name="runners.TestRunner">
        <test-method is-config="true" signature="setUpClass(org.testng.ITestContext)[pri:0, instance:runners.TestRunner@4b14c583]" started-at="2023-02-27T09:27:42 IST" name="setUpClass" finished-at="2023-02-27T09:27:44 IST" duration-ms="1443" status="PASS">
          <params>
            <param index="0">
              <value>
                <![CDATA[org.testng.TestRunner@100d0218]]>
              </value>
            </param>
          </params>
          <reporter-output>
          </reporter-output>
        </test-method> <!-- setUpClass -->
        <test-method signature="runScenario(io.cucumber.testng.PickleWrapper,io.cucumber.testng.FeatureWrapper)[pri:0, instance:runners.TestRunner@4b14c583]" started-at="2023-02-27T09:27:44 IST" name="runScenario" description="Runs Cucumber Scenarios" data-provider="scenarios" finished-at="2023-02-27T09:28:22 IST" duration-ms="38452" status="PASS">
          <params>
            <param index="0">
              <value>
                <![CDATA["Verify that the user is able to search for a product"]]>
              </value>
            </param>
            <param index="1">
              <value>
                <![CDATA["Search a product feature"]]>
              </value>
            </param>
          </params>
          <reporter-output>
          </reporter-output>
        </test-method> <!-- runScenario -->
        <test-method signature="runScenario(io.cucumber.testng.PickleWrapper,io.cucumber.testng.FeatureWrapper)[pri:0, instance:runners.TestRunner@4b14c583]" started-at="2023-02-27T09:28:22 IST" name="runScenario" description="Runs Cucumber Scenarios" data-provider="scenarios" finished-at="2023-02-27T09:28:37 IST" duration-ms="15169" status="PASS">
          <params>
            <param index="0">
              <value>
                <![CDATA["Verify when the user search for unknown product"]]>
              </value>
            </param>
            <param index="1">
              <value>
                <![CDATA["Search a product feature"]]>
              </value>
            </param>
          </params>
          <reporter-output>
          </reporter-output>
        </test-method> <!-- runScenario -->
        <test-method signature="runScenario(io.cucumber.testng.PickleWrapper,io.cucumber.testng.FeatureWrapper)[pri:0, instance:runners.TestRunner@4b14c583]" started-at="2023-02-27T09:28:37 IST" name="runScenario" description="Runs Cucumber Scenarios" data-provider="scenarios" finished-at="2023-02-27T09:28:52 IST" duration-ms="14923" status="PASS">
          <params>
            <param index="0">
              <value>
                <![CDATA["Verify that the user checks with the deals and discount"]]>
              </value>
            </param>
            <param index="1">
              <value>
                <![CDATA["Search a product feature"]]>
              </value>
            </param>
          </params>
          <reporter-output>
          </reporter-output>
        </test-method> <!-- runScenario -->
        <test-method signature="runScenario(io.cucumber.testng.PickleWrapper,io.cucumber.testng.FeatureWrapper)[pri:0, instance:runners.TestRunner@4b14c583]" started-at="2023-02-27T09:28:52 IST" name="runScenario" description="Runs Cucumber Scenarios" data-provider="scenarios" finished-at="2023-02-27T09:29:07 IST" duration-ms="14545" status="PASS">
          <params>
            <param index="0">
              <value>
                <![CDATA["Verify that the user able to search with the new releases"]]>
              </value>
            </param>
            <param index="1">
              <value>
                <![CDATA["Search a product feature"]]>
              </value>
            </param>
          </params>
          <reporter-output>
          </reporter-output>
        </test-method> <!-- runScenario -->
        <test-method signature="runScenario(io.cucumber.testng.PickleWrapper,io.cucumber.testng.FeatureWrapper)[pri:0, instance:runners.TestRunner@4b14c583]" started-at="2023-02-27T09:29:07 IST" name="runScenario" description="Runs Cucumber Scenarios" data-provider="scenarios" finished-at="2023-02-27T09:29:26 IST" duration-ms="19433" status="PASS">
          <params>
            <param index="0">
              <value>
                <![CDATA["Verify that the user is able to search by the category"]]>
              </value>
            </param>
            <param index="1">
              <value>
                <![CDATA["Search a product feature"]]>
              </value>
            </param>
          </params>
          <reporter-output>
          </reporter-output>
        </test-method> <!-- runScenario -->
        <test-method is-config="true" signature="tearDownClass()[pri:0, instance:runners.TestRunner@4b14c583]" started-at="2023-02-27T09:29:26 IST" name="tearDownClass" finished-at="2023-02-27T09:29:29 IST" duration-ms="2624" status="PASS">
          <reporter-output>
          </reporter-output>
        </test-method> <!-- tearDownClass -->
      </class> <!-- runners.TestRunner -->
    </test> <!-- Surefire test -->
  </suite> <!-- Surefire suite -->
</testng-results>
