<?xml version="1.0" encoding="UTF-8"?>
<testsuite xmlns:xsi="http://www.w3.org/2001/XMLSchema-instance" xsi:noNamespaceSchemaLocation="https://maven.apache.org/surefire/maven-surefire-plugin/xsd/surefire-test-report-3.0.xsd" version="3.0" name="TestSuite" time="108.263" tests="5" errors="0" skipped="0" failures="0">
  <properties>
[...]
</properties>
  <testcase name="runScenario[&quot;Verify that the user is able to search for a product&quot;, &quot;Search a product feature&quot;](1)" classname="runners.TestRunner" time="38.573">
    <system-out><![CDATA[
Scenario: Verify that the user is able to search for a product # src/test/resources/features/search.feature:3
1
2
3
4
5
  Given the user navigates to the home page                    # Steps.StepDefinitions.the_user_navigates_to_the_home_page()
  When the user enter the product name                         # Steps.StepDefinitions.the_user_enter_the_product_name()
"Alexa"
  Then the product result should be displayed                  # Steps.StepDefinitions.the_product_result_should_be_displayed()
]]></system-out>
    <system-err><![CDATA[SLF4J: No SLF4J providers were found.
SLF4J: Defaulting to no-operation (NOP) logger implementation
SLF4J: See https://www.slf4j.org/codes.html#noProviders for further details.
Starting ChromeDriver 110.0.5481.77 (65ed616c6e8ee3fe0ad64fe83796c020644d42af-refs/branch-heads/5481@{#839}) on port 59427
Only local connections are allowed.
Please see https://chromedriver.chromium.org/security-considerations for suggestions on keeping ChromeDriver safe.
ChromeDriver was started successfully.
[1677470273.597][WARNING]: virtual void DevToolsClientImpl::AddListener(DevToolsEventListener *) subscribing a listener to the already connected DevToolsClient. Connection notification will not arrive.
Feb 27, 2023 9:27:54 AM org.openqa.selenium.remote.ProtocolHandshake createSession
INFO: Detected dialect: W3C
ERROR StatusLogger Log4j2 could not find a logging implementation. Please add log4j-core to the classpath. Using SimpleLogger to log to the console...
]]></system-err>
  </testcase>
  <testcase name="runScenario[&quot;Verify when the user search for unknown product&quot;, &quot;Search a product feature&quot;](2)" classname="runners.TestRunner" time="15.055">
    <system-out><![CDATA[
Scenario: Verify when the user search for unknown product # src/test/resources/features/search.feature:9
  Given the user navigates to the home page               # Steps.StepDefinitions.the_user_navigates_to_the_home_page()
  When the user enter the unknown product name            # Steps.StepDefinitions.theUserEnterTheUnknownProductName()
"aztp"
  Then the  unknown product result should be displayed    # Steps.StepDefinitions.theUnknownProductResultShouldBeDisplayed()
]]></system-out>
    <system-err><![CDATA[Starting ChromeDriver 110.0.5481.77 (65ed616c6e8ee3fe0ad64fe83796c020644d42af-refs/branch-heads/5481@{#839}) on port 28895
Only local connections are allowed.
Please see https://chromedriver.chromium.org/security-considerations for suggestions on keeping ChromeDriver safe.
ChromeDriver was started successfully.
[1677470305.477][WARNING]: virtual void DevToolsClientImpl::AddListener(DevToolsEventListener *) subscribing a listener to the already connected DevToolsClient. Connection notification will not arrive.
Feb 27, 2023 9:28:25 AM org.openqa.selenium.remote.ProtocolHandshake createSession
INFO: Detected dialect: W3C
]]></system-err>
  </testcase>
  <testcase name="runScenario[&quot;Verify that the user checks with the deals and discount&quot;, &quot;Search a product feature&quot;](3)" classname="runners.TestRunner" time="14.932">
    <system-out><![CDATA[
Scenario: Verify that the user checks with the deals and discount # src/test/resources/features/search.feature:15
  Given the user navigates to the home page                       # Steps.StepDefinitions.the_user_navigates_to_the_home_page()
  When the user checks for deals and discounts                    # Steps.StepDefinitions.theUserChecksForDealsAndDiscounts()
  Then the deals result should be displayed                       # Steps.StepDefinitions.theDealsResultShouldBeDisplayed()
]]></system-out>
    <system-err><![CDATA[Starting ChromeDriver 110.0.5481.77 (65ed616c6e8ee3fe0ad64fe83796c020644d42af-refs/branch-heads/5481@{#839}) on port 35013
Only local connections are allowed.
Please see https://chromedriver.chromium.org/security-considerations for suggestions on keeping ChromeDriver safe.
ChromeDriver was started successfully.
[1677470320.293][WARNING]: virtual void DevToolsClientImpl::AddListener(DevToolsEventListener *) subscribing a listener to the already connected DevToolsClient. Connection notification will not arrive.
Feb 27, 2023 9:28:40 AM org.openqa.selenium.remote.ProtocolHandshake createSession
INFO: Detected dialect: W3C
]]></system-err>
  </testcase>
  <testcase name="runScenario[&quot;Verify that the user able to search with the new releases&quot;, &quot;Search a product feature&quot;](4)" classname="runners.TestRunner" time="14.562">
    <system-out><![CDATA[
Scenario: Verify that the user able to search with the new releases # src/test/resources/features/search.feature:21
  Given the user navigates to the home page                         # Steps.StepDefinitions.the_user_navigates_to_the_home_page()
  When the user checks with the new releases                        # Steps.StepDefinitions.theUserChecksWithTheNewReleases()
  Then the new release result should be displayed                   # Steps.StepDefinitions.theNewReleaseResultShouldBeDisplayed()
]]></system-out>
    <system-err><![CDATA[Starting ChromeDriver 110.0.5481.77 (65ed616c6e8ee3fe0ad64fe83796c020644d42af-refs/branch-heads/5481@{#839}) on port 15410
Only local connections are allowed.
Please see https://chromedriver.chromium.org/security-considerations for suggestions on keeping ChromeDriver safe.
ChromeDriver was started successfully.
[1677470334.604][WARNING]: virtual void DevToolsClientImpl::AddListener(DevToolsEventListener *) subscribing a listener to the already connected DevToolsClient. Connection notification will not arrive.
Feb 27, 2023 9:28:55 AM org.openqa.selenium.remote.ProtocolHandshake createSession
INFO: Detected dialect: W3C
]]></system-err>
  </testcase>
  <testcase name="runScenario[&quot;Verify that the user is able to search by the category&quot;, &quot;Search a product feature&quot;](5)" classname="runners.TestRunner" time="19.434">
    <system-out><![CDATA[
Scenario Outline: Verify that the user is able to search by the category # src/test/resources/features/search.feature:34
  Given the user navigates to the home page                              # Steps.StepDefinitions.the_user_navigates_to_the_home_page()
  When the user enters the product name                                  # Steps.StepDefinitions.theUserEntersTheProductName()
  And User  searches for Echo Smart Speakers & Displays                  # Steps.StepDefinitions.userSearchesForEchoSmartSpeakersDisplays()
"Alexa"
  Then the Category search result should be displayed                    # Steps.StepDefinitions.theCategorySearchResultShouldBeDisplayed()
]]></system-out>
    <system-err><![CDATA[Starting ChromeDriver 110.0.5481.77 (65ed616c6e8ee3fe0ad64fe83796c020644d42af-refs/branch-heads/5481@{#839}) on port 59262
Only local connections are allowed.
Please see https://chromedriver.chromium.org/security-considerations for suggestions on keeping ChromeDriver safe.
ChromeDriver was started successfully.
[1677470349.710][WARNING]: virtual void DevToolsClientImpl::AddListener(DevToolsEventListener *) subscribing a listener to the already connected DevToolsClient. Connection notification will not arrive.
Feb 27, 2023 9:29:09 AM org.openqa.selenium.remote.ProtocolHandshake createSession
INFO: Detected dialect: W3C
]]></system-err>
  </testcase>
</testsuite>